{
  "C:\\Users\\Computer\\Desktop\\New folder (2)\\proj\\react\\src\\pages\\Page404.tsx": {
    "path": "C:\\Users\\Computer\\Desktop\\New folder (2)\\proj\\react\\src\\pages\\Page404.tsx",
    "statementMap": {
      "0": {
        "start": {
          "line": 4,
          "column": 2
        },
        "end": {
          "line": 4,
          "column": 64
        }
      }
    },
    "fnMap": {
      "0": {
        "name": "Page404",
        "decl": {
          "start": {
            "line": 3,
            "column": 16
          },
          "end": {
            "line": 3,
            "column": 23
          }
        },
        "loc": {
          "start": {
            "line": 3,
            "column": 26
          },
          "end": {
            "line": 5,
            "column": 1
          }
        },
        "line": 3
      }
    },
    "branchMap": {},
    "s": {
      "0": 0
    },
    "f": {
      "0": 0
    },
    "b": {},
    "_coverageSchema": "1a1c01bbd47fc00a2c39e90264f33305004495a9",
    "hash": "8c99abbf10030b0f932c32a7f89f4a665bcad786"
  },
  "C:\\Users\\Computer\\Desktop\\New folder (2)\\proj\\react\\src\\redux\\searchSlice.ts": {
    "path": "C:\\Users\\Computer\\Desktop\\New folder (2)\\proj\\react\\src\\redux\\searchSlice.ts",
    "statementMap": {
      "0": {
        "start": {
          "line": 10,
          "column": 34
        },
        "end": {
          "line": 15,
          "column": 1
        }
      },
      "1": {
        "start": {
          "line": 17,
          "column": 27
        },
        "end": {
          "line": 35,
          "column": 2
        }
      },
      "2": {
        "start": {
          "line": 22,
          "column": 6
        },
        "end": {
          "line": 22,
          "column": 34
        }
      },
      "3": {
        "start": {
          "line": 26,
          "column": 6
        },
        "end": {
          "line": 26,
          "column": 34
        }
      },
      "4": {
        "start": {
          "line": 29,
          "column": 6
        },
        "end": {
          "line": 29,
          "column": 42
        }
      },
      "5": {
        "start": {
          "line": 32,
          "column": 6
        },
        "end": {
          "line": 32,
          "column": 37
        }
      },
      "6": {
        "start": {
          "line": 37,
          "column": 72
        },
        "end": {
          "line": 37,
          "column": 91
        }
      }
    },
    "fnMap": {
      "0": {
        "name": "(anonymous_0)",
        "decl": {
          "start": {
            "line": 21,
            "column": 9
          },
          "end": {
            "line": 21,
            "column": 10
          }
        },
        "loc": {
          "start": {
            "line": 21,
            "column": 27
          },
          "end": {
            "line": 23,
            "column": 5
          }
        },
        "line": 21
      },
      "1": {
        "name": "(anonymous_1)",
        "decl": {
          "start": {
            "line": 25,
            "column": 17
          },
          "end": {
            "line": 25,
            "column": 18
          }
        },
        "loc": {
          "start": {
            "line": 25,
            "column": 41
          },
          "end": {
            "line": 27,
            "column": 5
          }
        },
        "line": 25
      },
      "2": {
        "name": "(anonymous_2)",
        "decl": {
          "start": {
            "line": 28,
            "column": 26
          },
          "end": {
            "line": 28,
            "column": 27
          }
        },
        "loc": {
          "start": {
            "line": 28,
            "column": 44
          },
          "end": {
            "line": 30,
            "column": 5
          }
        },
        "line": 28
      },
      "3": {
        "name": "(anonymous_3)",
        "decl": {
          "start": {
            "line": 31,
            "column": 18
          },
          "end": {
            "line": 31,
            "column": 19
          }
        },
        "loc": {
          "start": {
            "line": 31,
            "column": 36
          },
          "end": {
            "line": 33,
            "column": 5
          }
        },
        "line": 31
      }
    },
    "branchMap": {},
    "s": {
      "0": 5,
      "1": 5,
      "2": 6,
      "3": 11,
      "4": 11,
      "5": 1,
      "6": 5
    },
    "f": {
      "0": 6,
      "1": 11,
      "2": 11,
      "3": 1
    },
    "b": {},
    "_coverageSchema": "1a1c01bbd47fc00a2c39e90264f33305004495a9",
    "hash": "4264f186f43bf9d3345785cd3e9a4fc7551a34c1"
  },
  "C:\\Users\\Computer\\Desktop\\New folder (2)\\proj\\react\\src\\components\\SearchBar.tsx": {
    "path": "C:\\Users\\Computer\\Desktop\\New folder (2)\\proj\\react\\src\\components\\SearchBar.tsx",
    "statementMap": {
      "0": {
        "start": {
          "line": 8,
          "column": 32
        },
        "end": {
          "line": 8,
          "column": 81
        }
      },
      "1": {
        "start": {
          "line": 8,
          "column": 68
        },
        "end": {
          "line": 8,
          "column": 80
        }
      },
      "2": {
        "start": {
          "line": 10,
          "column": 19
        },
        "end": {
          "line": 10,
          "column": 32
        }
      },
      "3": {
        "start": {
          "line": 13,
          "column": 4
        },
        "end": {
          "line": 17,
          "column": 5
        }
      },
      "4": {
        "start": {
          "line": 14,
          "column": 6
        },
        "end": {
          "line": 14,
          "column": 23
        }
      },
      "5": {
        "start": {
          "line": 16,
          "column": 6
        },
        "end": {
          "line": 16,
          "column": 36
        }
      },
      "6": {
        "start": {
          "line": 20,
          "column": 4
        },
        "end": {
          "line": 20,
          "column": 39
        }
      },
      "7": {
        "start": {
          "line": 22,
          "column": 2
        },
        "end": {
          "line": 56,
          "column": 4
        }
      },
      "8": {
        "start": {
          "line": 30,
          "column": 27
        },
        "end": {
          "line": 30,
          "column": 47
        }
      },
      "9": {
        "start": {
          "line": 37,
          "column": 16
        },
        "end": {
          "line": 37,
          "column": 34
        }
      },
      "10": {
        "start": {
          "line": 50,
          "column": 10
        },
        "end": {
          "line": 50,
          "column": 26
        }
      }
    },
    "fnMap": {
      "0": {
        "name": "SearchBar",
        "decl": {
          "start": {
            "line": 7,
            "column": 16
          },
          "end": {
            "line": 7,
            "column": 25
          }
        },
        "loc": {
          "start": {
            "line": 7,
            "column": 28
          },
          "end": {
            "line": 57,
            "column": 1
          }
        },
        "line": 7
      },
      "1": {
        "name": "(anonymous_1)",
        "decl": {
          "start": {
            "line": 8,
            "column": 44
          },
          "end": {
            "line": 8,
            "column": 45
          }
        },
        "loc": {
          "start": {
            "line": 8,
            "column": 68
          },
          "end": {
            "line": 8,
            "column": 80
          }
        },
        "line": 8
      },
      "2": {
        "name": "searchTextHandler",
        "decl": {
          "start": {
            "line": 12,
            "column": 11
          },
          "end": {
            "line": 12,
            "column": 28
          }
        },
        "loc": {
          "start": {
            "line": 12,
            "column": 78
          },
          "end": {
            "line": 18,
            "column": 3
          }
        },
        "line": 12
      },
      "3": {
        "name": "searchHandler",
        "decl": {
          "start": {
            "line": 19,
            "column": 11
          },
          "end": {
            "line": 19,
            "column": 24
          }
        },
        "loc": {
          "start": {
            "line": 19,
            "column": 27
          },
          "end": {
            "line": 21,
            "column": 3
          }
        },
        "line": 19
      },
      "4": {
        "name": "(anonymous_4)",
        "decl": {
          "start": {
            "line": 30,
            "column": 20
          },
          "end": {
            "line": 30,
            "column": 21
          }
        },
        "loc": {
          "start": {
            "line": 30,
            "column": 27
          },
          "end": {
            "line": 30,
            "column": 47
          }
        },
        "line": 30
      },
      "5": {
        "name": "(anonymous_5)",
        "decl": {
          "start": {
            "line": 36,
            "column": 23
          },
          "end": {
            "line": 36,
            "column": 24
          }
        },
        "loc": {
          "start": {
            "line": 36,
            "column": 29
          },
          "end": {
            "line": 38,
            "column": 15
          }
        },
        "line": 36
      },
      "6": {
        "name": "(anonymous_6)",
        "decl": {
          "start": {
            "line": 49,
            "column": 17
          },
          "end": {
            "line": 49,
            "column": 18
          }
        },
        "loc": {
          "start": {
            "line": 49,
            "column": 23
          },
          "end": {
            "line": 51,
            "column": 9
          }
        },
        "line": 49
      }
    },
    "branchMap": {
      "0": {
        "loc": {
          "start": {
            "line": 13,
            "column": 4
          },
          "end": {
            "line": 17,
            "column": 5
          }
        },
        "type": "if",
        "locations": [
          {
            "start": {
              "line": 13,
              "column": 4
            },
            "end": {
              "line": 17,
              "column": 5
            }
          },
          {
            "start": {
              "line": 15,
              "column": 11
            },
            "end": {
              "line": 17,
              "column": 5
            }
          }
        ],
        "line": 13
      },
      "1": {
        "loc": {
          "start": {
            "line": 32,
            "column": 9
          },
          "end": {
            "line": 45,
            "column": 9
          }
        },
        "type": "cond-expr",
        "locations": [
          {
            "start": {
              "line": 33,
              "column": 10
            },
            "end": {
              "line": 42,
              "column": 16
            }
          },
          {
            "start": {
              "line": 44,
              "column": 10
            },
            "end": {
              "line": 44,
              "column": 12
            }
          }
        ],
        "line": 32
      }
    },
    "s": {
      "0": 36,
      "1": 58,
      "2": 36,
      "3": 5,
      "4": 0,
      "5": 5,
      "6": 1,
      "7": 36,
      "8": 5,
      "9": 1,
      "10": 1
    },
    "f": {
      "0": 36,
      "1": 58,
      "2": 5,
      "3": 1,
      "4": 5,
      "5": 1,
      "6": 1
    },
    "b": {
      "0": [
        0,
        5
      ],
      "1": [
        22,
        14
      ]
    },
    "_coverageSchema": "1a1c01bbd47fc00a2c39e90264f33305004495a9",
    "hash": "987d4ef16cf2474ff46234560c2005276f139544"
  },
  "C:\\Users\\Computer\\Desktop\\New folder (2)\\proj\\react\\src\\components\\Spinner\\Spinner.tsx": {
    "path": "C:\\Users\\Computer\\Desktop\\New folder (2)\\proj\\react\\src\\components\\Spinner\\Spinner.tsx",
    "statementMap": {
      "0": {
        "start": {
          "line": 4,
          "column": 23
        },
        "end": {
          "line": 4,
          "column": 59
        }
      },
      "1": {
        "start": {
          "line": 4,
          "column": 29
        },
        "end": {
          "line": 4,
          "column": 59
        }
      }
    },
    "fnMap": {
      "0": {
        "name": "(anonymous_0)",
        "decl": {
          "start": {
            "line": 4,
            "column": 23
          },
          "end": {
            "line": 4,
            "column": 24
          }
        },
        "loc": {
          "start": {
            "line": 4,
            "column": 29
          },
          "end": {
            "line": 4,
            "column": 59
          }
        },
        "line": 4
      }
    },
    "branchMap": {},
    "s": {
      "0": 5,
      "1": 16
    },
    "f": {
      "0": 16
    },
    "b": {},
    "_coverageSchema": "1a1c01bbd47fc00a2c39e90264f33305004495a9",
    "hash": "76c3ed7ffd7286d1f15bafba51e8b01bc6176982"
  },
  "C:\\Users\\Computer\\Desktop\\New folder (2)\\proj\\react\\src\\components\\OpenedCard.tsx": {
    "path": "C:\\Users\\Computer\\Desktop\\New folder (2)\\proj\\react\\src\\components\\OpenedCard.tsx",
    "statementMap": {
      "0": {
        "start": {
          "line": 7,
          "column": 26
        },
        "end": {
          "line": 45,
          "column": 1
        }
      },
      "1": {
        "start": {
          "line": 8,
          "column": 15
        },
        "end": {
          "line": 8,
          "column": 25
        }
      },
      "2": {
        "start": {
          "line": 10,
          "column": 2
        },
        "end": {
          "line": 44,
          "column": 4
        }
      }
    },
    "fnMap": {
      "0": {
        "name": "(anonymous_0)",
        "decl": {
          "start": {
            "line": 7,
            "column": 26
          },
          "end": {
            "line": 7,
            "column": 27
          }
        },
        "loc": {
          "start": {
            "line": 7,
            "column": 48
          },
          "end": {
            "line": 45,
            "column": 1
          }
        },
        "line": 7
      }
    },
    "branchMap": {},
    "s": {
      "0": 5,
      "1": 2,
      "2": 2
    },
    "f": {
      "0": 2
    },
    "b": {},
    "_coverageSchema": "1a1c01bbd47fc00a2c39e90264f33305004495a9",
    "hash": "48f412fc75d5c17ff87f78f3328bd2ace22d40bc"
  },
  "C:\\Users\\Computer\\Desktop\\New folder (2)\\proj\\react\\src\\constants.ts": {
    "path": "C:\\Users\\Computer\\Desktop\\New folder (2)\\proj\\react\\src\\constants.ts",
    "statementMap": {
      "0": {
        "start": {
          "line": 1,
          "column": 23
        },
        "end": {
          "line": 1,
          "column": 57
        }
      },
      "1": {
        "start": {
          "line": 3,
          "column": 29
        },
        "end": {
          "line": 3,
          "column": 51
        }
      }
    },
    "fnMap": {},
    "branchMap": {},
    "s": {
      "0": 5,
      "1": 5
    },
    "f": {},
    "b": {},
    "_coverageSchema": "1a1c01bbd47fc00a2c39e90264f33305004495a9",
    "hash": "c2d6b9d13f611224c52f246fb07ee92f8191b839"
  },
  "C:\\Users\\Computer\\Desktop\\New folder (2)\\proj\\react\\src\\redux\\rtk.ts": {
    "path": "C:\\Users\\Computer\\Desktop\\New folder (2)\\proj\\react\\src\\redux\\rtk.ts",
    "statementMap": {
      "0": {
        "start": {
          "line": 10,
          "column": 2
        },
        "end": {
          "line": 35,
          "column": 3
        }
      },
      "1": {
        "start": {
          "line": 21,
          "column": 2
        },
        "end": {
          "line": 35,
          "column": 3
        }
      },
      "2": {
        "start": {
          "line": 22,
          "column": 4
        },
        "end": {
          "line": 34,
          "column": 5
        }
      },
      "3": {
        "start": {
          "line": 23,
          "column": 21
        },
        "end": {
          "line": 27,
          "column": 8
        }
      },
      "4": {
        "start": {
          "line": 28,
          "column": 6
        },
        "end": {
          "line": 28,
          "column": 20
        }
      },
      "5": {
        "start": {
          "line": 30,
          "column": 18
        },
        "end": {
          "line": 30,
          "column": 42
        }
      },
      "6": {
        "start": {
          "line": 31,
          "column": 6
        },
        "end": {
          "line": 31,
          "column": 22
        }
      },
      "7": {
        "start": {
          "line": 33,
          "column": 6
        },
        "end": {
          "line": 33,
          "column": 66
        }
      },
      "8": {
        "start": {
          "line": 38,
          "column": 2
        },
        "end": {
          "line": 42,
          "column": 3
        }
      },
      "9": {
        "start": {
          "line": 39,
          "column": 4
        },
        "end": {
          "line": 39,
          "column": 36
        }
      },
      "10": {
        "start": {
          "line": 41,
          "column": 4
        },
        "end": {
          "line": 41,
          "column": 23
        }
      },
      "11": {
        "start": {
          "line": 45,
          "column": 28
        },
        "end": {
          "line": 70,
          "column": 2
        }
      },
      "12": {
        "start": {
          "line": 49,
          "column": 27
        },
        "end": {
          "line": 69,
          "column": 3
        }
      },
      "13": {
        "start": {
          "line": 51,
          "column": 20
        },
        "end": {
          "line": 51,
          "column": 55
        }
      },
      "14": {
        "start": {
          "line": 54,
          "column": 22
        },
        "end": {
          "line": 54,
          "column": 63
        }
      },
      "15": {
        "start": {
          "line": 57,
          "column": 24
        },
        "end": {
          "line": 67,
          "column": 7
        }
      },
      "16": {
        "start": {
          "line": 73,
          "column": 2
        },
        "end": {
          "line": 73,
          "column": 14
        }
      }
    },
    "fnMap": {
      "0": {
        "name": "(anonymous_0)",
        "decl": {
          "start": {
            "line": 10,
            "column": 2
          },
          "end": {
            "line": 10,
            "column": 3
          }
        },
        "loc": {
          "start": {
            "line": 21,
            "column": 2
          },
          "end": {
            "line": 35,
            "column": 3
          }
        },
        "line": 21
      },
      "1": {
        "name": "(anonymous_1)",
        "decl": {
          "start": {
            "line": 21,
            "column": 2
          },
          "end": {
            "line": 21,
            "column": 3
          }
        },
        "loc": {
          "start": {
            "line": 21,
            "column": 35
          },
          "end": {
            "line": 35,
            "column": 3
          }
        },
        "line": 21
      },
      "2": {
        "name": "handleUrl",
        "decl": {
          "start": {
            "line": 37,
            "column": 9
          },
          "end": {
            "line": 37,
            "column": 18
          }
        },
        "loc": {
          "start": {
            "line": 37,
            "column": 33
          },
          "end": {
            "line": 43,
            "column": 1
          }
        },
        "line": 37
      },
      "3": {
        "name": "(anonymous_3)",
        "decl": {
          "start": {
            "line": 49,
            "column": 13
          },
          "end": {
            "line": 49,
            "column": 14
          }
        },
        "loc": {
          "start": {
            "line": 49,
            "column": 27
          },
          "end": {
            "line": 69,
            "column": 3
          }
        },
        "line": 49
      },
      "4": {
        "name": "(anonymous_4)",
        "decl": {
          "start": {
            "line": 51,
            "column": 13
          },
          "end": {
            "line": 51,
            "column": 14
          }
        },
        "loc": {
          "start": {
            "line": 51,
            "column": 20
          },
          "end": {
            "line": 51,
            "column": 55
          }
        },
        "line": 51
      },
      "5": {
        "name": "(anonymous_5)",
        "decl": {
          "start": {
            "line": 54,
            "column": 13
          },
          "end": {
            "line": 54,
            "column": 14
          }
        },
        "loc": {
          "start": {
            "line": 54,
            "column": 22
          },
          "end": {
            "line": 54,
            "column": 63
          }
        },
        "line": 54
      },
      "6": {
        "name": "(anonymous_6)",
        "decl": {
          "start": {
            "line": 57,
            "column": 13
          },
          "end": {
            "line": 57,
            "column": 14
          }
        },
        "loc": {
          "start": {
            "line": 57,
            "column": 24
          },
          "end": {
            "line": 67,
            "column": 7
          }
        },
        "line": 57
      }
    },
    "branchMap": {
      "0": {
        "loc": {
          "start": {
            "line": 11,
            "column": 4
          },
          "end": {
            "line": 11,
            "column": 54
          }
        },
        "type": "default-arg",
        "locations": [
          {
            "start": {
              "line": 11,
              "column": 39
            },
            "end": {
              "line": 11,
              "column": 54
            }
          }
        ],
        "line": 11
      },
      "1": {
        "loc": {
          "start": {
            "line": 38,
            "column": 2
          },
          "end": {
            "line": 42,
            "column": 3
          }
        },
        "type": "if",
        "locations": [
          {
            "start": {
              "line": 38,
              "column": 2
            },
            "end": {
              "line": 42,
              "column": 3
            }
          },
          {
            "start": {
              "line": 40,
              "column": 9
            },
            "end": {
              "line": 42,
              "column": 3
            }
          }
        ],
        "line": 38
      }
    },
    "s": {
      "0": 5,
      "1": 5,
      "2": 6,
      "3": 6,
      "4": 4,
      "5": 2,
      "6": 2,
      "7": 2,
      "8": 5,
      "9": 2,
      "10": 3,
      "11": 5,
      "12": 5,
      "13": 0,
      "14": 1,
      "15": 5,
      "16": 5
    },
    "f": {
      "0": 5,
      "1": 6,
      "2": 5,
      "3": 5,
      "4": 0,
      "5": 1,
      "6": 5
    },
    "b": {
      "0": [
        0
      ],
      "1": [
        2,
        3
      ]
    },
    "_coverageSchema": "1a1c01bbd47fc00a2c39e90264f33305004495a9",
    "hash": "90960bd56972b0ab9315be4f3f0c37fc61045cfa"
  },
  "C:\\Users\\Computer\\Desktop\\New folder (2)\\proj\\react\\src\\components\\OpenCardContainer.tsx": {
    "path": "C:\\Users\\Computer\\Desktop\\New folder (2)\\proj\\react\\src\\components\\OpenCardContainer.tsx",
    "statementMap": {
      "0": {
        "start": {
          "line": 10,
          "column": 30
        },
        "end": {
          "line": 10,
          "column": 58
        }
      },
      "1": {
        "start": {
          "line": 11,
          "column": 2
        },
        "end": {
          "line": 13,
          "column": 3
        }
      },
      "2": {
        "start": {
          "line": 12,
          "column": 4
        },
        "end": {
          "line": 12,
          "column": 23
        }
      },
      "3": {
        "start": {
          "line": 14,
          "column": 2
        },
        "end": {
          "line": 14,
          "column": 81
        }
      }
    },
    "fnMap": {
      "0": {
        "name": "OpenCardContainer",
        "decl": {
          "start": {
            "line": 9,
            "column": 9
          },
          "end": {
            "line": 9,
            "column": 26
          }
        },
        "loc": {
          "start": {
            "line": 9,
            "column": 42
          },
          "end": {
            "line": 15,
            "column": 1
          }
        },
        "line": 9
      }
    },
    "branchMap": {
      "0": {
        "loc": {
          "start": {
            "line": 11,
            "column": 2
          },
          "end": {
            "line": 13,
            "column": 3
          }
        },
        "type": "if",
        "locations": [
          {
            "start": {
              "line": 11,
              "column": 2
            },
            "end": {
              "line": 13,
              "column": 3
            }
          },
          {
            "start": {},
            "end": {}
          }
        ],
        "line": 11
      },
      "1": {
        "loc": {
          "start": {
            "line": 14,
            "column": 15
          },
          "end": {
            "line": 14,
            "column": 73
          }
        },
        "type": "binary-expr",
        "locations": [
          {
            "start": {
              "line": 14,
              "column": 15
            },
            "end": {
              "line": 14,
              "column": 19
            }
          },
          {
            "start": {
              "line": 14,
              "column": 23
            },
            "end": {
              "line": 14,
              "column": 43
            }
          },
          {
            "start": {
              "line": 14,
              "column": 47
            },
            "end": {
              "line": 14,
              "column": 73
            }
          }
        ],
        "line": 14
      }
    },
    "s": {
      "0": 6,
      "1": 6,
      "2": 4,
      "3": 2
    },
    "f": {
      "0": 6
    },
    "b": {
      "0": [
        4,
        2
      ],
      "1": [
        2,
        2,
        2
      ]
    },
    "_coverageSchema": "1a1c01bbd47fc00a2c39e90264f33305004495a9",
    "hash": "681eccdf89fecad95824bb2d1bd1dd67dab92a7d"
  },
  "C:\\Users\\Computer\\Desktop\\New folder (2)\\proj\\react\\src\\components\\Modal.tsx": {
    "path": "C:\\Users\\Computer\\Desktop\\New folder (2)\\proj\\react\\src\\components\\Modal.tsx",
    "statementMap": {
      "0": {
        "start": {
          "line": 11,
          "column": 19
        },
        "end": {
          "line": 11,
          "column": 45
        }
      },
      "1": {
        "start": {
          "line": 12,
          "column": 4
        },
        "end": {
          "line": 14,
          "column": 5
        }
      },
      "2": {
        "start": {
          "line": 13,
          "column": 6
        },
        "end": {
          "line": 13,
          "column": 14
        }
      },
      "3": {
        "start": {
          "line": 16,
          "column": 2
        },
        "end": {
          "line": 29,
          "column": 3
        }
      },
      "4": {
        "start": {
          "line": 17,
          "column": 4
        },
        "end": {
          "line": 26,
          "column": 6
        }
      },
      "5": {
        "start": {
          "line": 21,
          "column": 10
        },
        "end": {
          "line": 21,
          "column": 24
        }
      },
      "6": {
        "start": {
          "line": 28,
          "column": 4
        },
        "end": {
          "line": 28,
          "column": 17
        }
      }
    },
    "fnMap": {
      "0": {
        "name": "Modal",
        "decl": {
          "start": {
            "line": 9,
            "column": 9
          },
          "end": {
            "line": 9,
            "column": 14
          }
        },
        "loc": {
          "start": {
            "line": 9,
            "column": 51
          },
          "end": {
            "line": 30,
            "column": 1
          }
        },
        "line": 9
      },
      "1": {
        "name": "closeModal",
        "decl": {
          "start": {
            "line": 10,
            "column": 11
          },
          "end": {
            "line": 10,
            "column": 21
          }
        },
        "loc": {
          "start": {
            "line": 10,
            "column": 41
          },
          "end": {
            "line": 15,
            "column": 3
          }
        },
        "line": 10
      },
      "2": {
        "name": "(anonymous_2)",
        "decl": {
          "start": {
            "line": 20,
            "column": 17
          },
          "end": {
            "line": 20,
            "column": 18
          }
        },
        "loc": {
          "start": {
            "line": 20,
            "column": 24
          },
          "end": {
            "line": 22,
            "column": 9
          }
        },
        "line": 20
      }
    },
    "branchMap": {
      "0": {
        "loc": {
          "start": {
            "line": 12,
            "column": 4
          },
          "end": {
            "line": 14,
            "column": 5
          }
        },
        "type": "if",
        "locations": [
          {
            "start": {
              "line": 12,
              "column": 4
            },
            "end": {
              "line": 14,
              "column": 5
            }
          },
          {
            "start": {},
            "end": {}
          }
        ],
        "line": 12
      },
      "1": {
        "loc": {
          "start": {
            "line": 12,
            "column": 8
          },
          "end": {
            "line": 12,
            "column": 96
          }
        },
        "type": "binary-expr",
        "locations": [
          {
            "start": {
              "line": 12,
              "column": 8
            },
            "end": {
              "line": 12,
              "column": 42
            }
          },
          {
            "start": {
              "line": 12,
              "column": 46
            },
            "end": {
              "line": 12,
              "column": 96
            }
          }
        ],
        "line": 12
      },
      "2": {
        "loc": {
          "start": {
            "line": 16,
            "column": 2
          },
          "end": {
            "line": 29,
            "column": 3
          }
        },
        "type": "if",
        "locations": [
          {
            "start": {
              "line": 16,
              "column": 2
            },
            "end": {
              "line": 29,
              "column": 3
            }
          },
          {
            "start": {
              "line": 27,
              "column": 9
            },
            "end": {
              "line": 29,
              "column": 3
            }
          }
        ],
        "line": 16
      }
    },
    "s": {
      "0": 1,
      "1": 1,
      "2": 1,
      "3": 404,
      "4": 2,
      "5": 1,
      "6": 402
    },
    "f": {
      "0": 404,
      "1": 1,
      "2": 1
    },
    "b": {
      "0": [
        1,
        0
      ],
      "1": [
        1,
        1
      ],
      "2": [
        2,
        402
      ]
    },
    "_coverageSchema": "1a1c01bbd47fc00a2c39e90264f33305004495a9",
    "hash": "eb2c151342f0e24a503c9f4fd4b485f75c5f1aa5"
  },
  "C:\\Users\\Computer\\Desktop\\New folder (2)\\proj\\react\\src\\components\\Item.tsx": {
    "path": "C:\\Users\\Computer\\Desktop\\New folder (2)\\proj\\react\\src\\components\\Item.tsx",
    "statementMap": {
      "0": {
        "start": {
          "line": 10,
          "column": 34
        },
        "end": {
          "line": 10,
          "column": 49
        }
      },
      "1": {
        "start": {
          "line": 12,
          "column": 4
        },
        "end": {
          "line": 12,
          "column": 23
        }
      },
      "2": {
        "start": {
          "line": 14,
          "column": 15
        },
        "end": {
          "line": 14,
          "column": 25
        }
      },
      "3": {
        "start": {
          "line": 16,
          "column": 2
        },
        "end": {
          "line": 30,
          "column": 4
        }
      },
      "4": {
        "start": {
          "line": 18,
          "column": 43
        },
        "end": {
          "line": 18,
          "column": 60
        }
      }
    },
    "fnMap": {
      "0": {
        "name": "Item",
        "decl": {
          "start": {
            "line": 9,
            "column": 16
          },
          "end": {
            "line": 9,
            "column": 20
          }
        },
        "loc": {
          "start": {
            "line": 9,
            "column": 39
          },
          "end": {
            "line": 31,
            "column": 1
          }
        },
        "line": 9
      },
      "1": {
        "name": "closeModal",
        "decl": {
          "start": {
            "line": 11,
            "column": 11
          },
          "end": {
            "line": 11,
            "column": 21
          }
        },
        "loc": {
          "start": {
            "line": 11,
            "column": 24
          },
          "end": {
            "line": 13,
            "column": 3
          }
        },
        "line": 11
      },
      "2": {
        "name": "(anonymous_2)",
        "decl": {
          "start": {
            "line": 18,
            "column": 37
          },
          "end": {
            "line": 18,
            "column": 38
          }
        },
        "loc": {
          "start": {
            "line": 18,
            "column": 43
          },
          "end": {
            "line": 18,
            "column": 60
          }
        },
        "line": 18
      }
    },
    "branchMap": {},
    "s": {
      "0": 404,
      "1": 1,
      "2": 404,
      "3": 404,
      "4": 1
    },
    "f": {
      "0": 404,
      "1": 1,
      "2": 1
    },
    "b": {},
    "_coverageSchema": "1a1c01bbd47fc00a2c39e90264f33305004495a9",
    "hash": "ea95a4af21e1cfd8aaad07d04782765656ce2f5f"
  },
  "C:\\Users\\Computer\\Desktop\\New folder (2)\\proj\\react\\src\\components\\Main.tsx": {
    "path": "C:\\Users\\Computer\\Desktop\\New folder (2)\\proj\\react\\src\\components\\Main.tsx",
    "statementMap": {
      "0": {
        "start": {
          "line": 7,
          "column": 29
        },
        "end": {
          "line": 15,
          "column": 1
        }
      },
      "1": {
        "start": {
          "line": 8,
          "column": 2
        },
        "end": {
          "line": 14,
          "column": 4
        }
      },
      "2": {
        "start": {
          "line": 11,
          "column": 8
        },
        "end": {
          "line": 11,
          "column": 56
        }
      }
    },
    "fnMap": {
      "0": {
        "name": "(anonymous_0)",
        "decl": {
          "start": {
            "line": 7,
            "column": 29
          },
          "end": {
            "line": 7,
            "column": 30
          }
        },
        "loc": {
          "start": {
            "line": 7,
            "column": 48
          },
          "end": {
            "line": 15,
            "column": 1
          }
        },
        "line": 7
      },
      "1": {
        "name": "(anonymous_1)",
        "decl": {
          "start": {
            "line": 10,
            "column": 23
          },
          "end": {
            "line": 10,
            "column": 24
          }
        },
        "loc": {
          "start": {
            "line": 10,
            "column": 36
          },
          "end": {
            "line": 12,
            "column": 7
          }
        },
        "line": 10
      }
    },
    "branchMap": {},
    "s": {
      "0": 5,
      "1": 26,
      "2": 400
    },
    "f": {
      "0": 26,
      "1": 400
    },
    "b": {},
    "_coverageSchema": "1a1c01bbd47fc00a2c39e90264f33305004495a9",
    "hash": "a5b11d9cc9a190bf1215cdefc14a84148a5ee44f"
  },
  "C:\\Users\\Computer\\Desktop\\New folder (2)\\proj\\react\\src\\pages\\Main.tsx": {
    "path": "C:\\Users\\Computer\\Desktop\\New folder (2)\\proj\\react\\src\\pages\\Main.tsx",
    "statementMap": {
      "0": {
        "start": {
          "line": 12,
          "column": 23
        },
        "end": {
          "line": 12,
          "column": 72
        }
      },
      "1": {
        "start": {
          "line": 12,
          "column": 59
        },
        "end": {
          "line": 12,
          "column": 71
        }
      },
      "2": {
        "start": {
          "line": 14,
          "column": 37
        },
        "end": {
          "line": 14,
          "column": 73
        }
      },
      "3": {
        "start": {
          "line": 15,
          "column": 19
        },
        "end": {
          "line": 15,
          "column": 32
        }
      },
      "4": {
        "start": {
          "line": 17,
          "column": 28
        },
        "end": {
          "line": 17,
          "column": 77
        }
      },
      "5": {
        "start": {
          "line": 17,
          "column": 64
        },
        "end": {
          "line": 17,
          "column": 76
        }
      },
      "6": {
        "start": {
          "line": 18,
          "column": 2
        },
        "end": {
          "line": 21,
          "column": 32
        }
      },
      "7": {
        "start": {
          "line": 19,
          "column": 4
        },
        "end": {
          "line": 19,
          "column": 56
        }
      },
      "8": {
        "start": {
          "line": 20,
          "column": 4
        },
        "end": {
          "line": 20,
          "column": 33
        }
      },
      "9": {
        "start": {
          "line": 23,
          "column": 2
        },
        "end": {
          "line": 32,
          "column": 3
        }
      },
      "10": {
        "start": {
          "line": 24,
          "column": 4
        },
        "end": {
          "line": 31,
          "column": 6
        }
      },
      "11": {
        "start": {
          "line": 33,
          "column": 2
        },
        "end": {
          "line": 39,
          "column": 3
        }
      },
      "12": {
        "start": {
          "line": 34,
          "column": 4
        },
        "end": {
          "line": 38,
          "column": 6
        }
      },
      "13": {
        "start": {
          "line": 40,
          "column": 2
        },
        "end": {
          "line": 47,
          "column": 4
        }
      }
    },
    "fnMap": {
      "0": {
        "name": "Main",
        "decl": {
          "start": {
            "line": 11,
            "column": 16
          },
          "end": {
            "line": 11,
            "column": 20
          }
        },
        "loc": {
          "start": {
            "line": 11,
            "column": 23
          },
          "end": {
            "line": 48,
            "column": 1
          }
        },
        "line": 11
      },
      "1": {
        "name": "(anonymous_1)",
        "decl": {
          "start": {
            "line": 12,
            "column": 35
          },
          "end": {
            "line": 12,
            "column": 36
          }
        },
        "loc": {
          "start": {
            "line": 12,
            "column": 59
          },
          "end": {
            "line": 12,
            "column": 71
          }
        },
        "line": 12
      },
      "2": {
        "name": "(anonymous_2)",
        "decl": {
          "start": {
            "line": 17,
            "column": 40
          },
          "end": {
            "line": 17,
            "column": 41
          }
        },
        "loc": {
          "start": {
            "line": 17,
            "column": 64
          },
          "end": {
            "line": 17,
            "column": 76
          }
        },
        "line": 17
      },
      "3": {
        "name": "(anonymous_3)",
        "decl": {
          "start": {
            "line": 18,
            "column": 12
          },
          "end": {
            "line": 18,
            "column": 13
          }
        },
        "loc": {
          "start": {
            "line": 18,
            "column": 18
          },
          "end": {
            "line": 21,
            "column": 3
          }
        },
        "line": 18
      }
    },
    "branchMap": {
      "0": {
        "loc": {
          "start": {
            "line": 19,
            "column": 34
          },
          "end": {
            "line": 19,
            "column": 53
          }
        },
        "type": "binary-expr",
        "locations": [
          {
            "start": {
              "line": 19,
              "column": 34
            },
            "end": {
              "line": 19,
              "column": 47
            }
          },
          {
            "start": {
              "line": 19,
              "column": 51
            },
            "end": {
              "line": 19,
              "column": 53
            }
          }
        ],
        "line": 19
      },
      "1": {
        "loc": {
          "start": {
            "line": 23,
            "column": 2
          },
          "end": {
            "line": 32,
            "column": 3
          }
        },
        "type": "if",
        "locations": [
          {
            "start": {
              "line": 23,
              "column": 2
            },
            "end": {
              "line": 32,
              "column": 3
            }
          },
          {
            "start": {},
            "end": {}
          }
        ],
        "line": 23
      },
      "2": {
        "loc": {
          "start": {
            "line": 33,
            "column": 2
          },
          "end": {
            "line": 39,
            "column": 3
          }
        },
        "type": "if",
        "locations": [
          {
            "start": {
              "line": 33,
              "column": 2
            },
            "end": {
              "line": 39,
              "column": 3
            }
          },
          {
            "start": {},
            "end": {}
          }
        ],
        "line": 33
      },
      "3": {
        "loc": {
          "start": {
            "line": 44,
            "column": 30
          },
          "end": {
            "line": 44,
            "column": 71
          }
        },
        "type": "cond-expr",
        "locations": [
          {
            "start": {
              "line": 44,
              "column": 53
            },
            "end": {
              "line": 44,
              "column": 66
            }
          },
          {
            "start": {
              "line": 44,
              "column": 69
            },
            "end": {
              "line": 44,
              "column": 71
            }
          }
        ],
        "line": 44
      }
    },
    "s": {
      "0": 48,
      "1": 88,
      "2": 48,
      "3": 48,
      "4": 48,
      "5": 86,
      "6": 48,
      "7": 11,
      "8": 11,
      "9": 48,
      "10": 10,
      "11": 38,
      "12": 12,
      "13": 26
    },
    "f": {
      "0": 48,
      "1": 88,
      "2": 86,
      "3": 11
    },
    "b": {
      "0": [
        11,
        8
      ],
      "1": [
        10,
        38
      ],
      "2": [
        12,
        26
      ],
      "3": [
        20,
        6
      ]
    },
    "_coverageSchema": "1a1c01bbd47fc00a2c39e90264f33305004495a9",
    "hash": "f5f0835ff08308c4392eb6fe2d5d110e8e6b8d4d"
  },
  "C:\\Users\\Computer\\Desktop\\New folder (2)\\proj\\react\\src\\components\\Header.tsx": {
    "path": "C:\\Users\\Computer\\Desktop\\New folder (2)\\proj\\react\\src\\components\\Header.tsx",
    "statementMap": {
      "0": {
        "start": {
          "line": 6,
          "column": 28
        },
        "end": {
          "line": 6,
          "column": 40
        }
      },
      "1": {
        "start": {
          "line": 7,
          "column": 2
        },
        "end": {
          "line": 10,
          "column": 9
        }
      },
      "2": {
        "start": {
          "line": 8,
          "column": 17
        },
        "end": {
          "line": 8,
          "column": 51
        }
      },
      "3": {
        "start": {
          "line": 9,
          "column": 4
        },
        "end": {
          "line": 9,
          "column": 19
        }
      },
      "4": {
        "start": {
          "line": 12,
          "column": 2
        },
        "end": {
          "line": 24,
          "column": 4
        }
      }
    },
    "fnMap": {
      "0": {
        "name": "Header",
        "decl": {
          "start": {
            "line": 5,
            "column": 16
          },
          "end": {
            "line": 5,
            "column": 22
          }
        },
        "loc": {
          "start": {
            "line": 5,
            "column": 25
          },
          "end": {
            "line": 25,
            "column": 1
          }
        },
        "line": 5
      },
      "1": {
        "name": "(anonymous_1)",
        "decl": {
          "start": {
            "line": 7,
            "column": 12
          },
          "end": {
            "line": 7,
            "column": 13
          }
        },
        "loc": {
          "start": {
            "line": 7,
            "column": 18
          },
          "end": {
            "line": 10,
            "column": 3
          }
        },
        "line": 7
      }
    },
    "branchMap": {
      "0": {
        "loc": {
          "start": {
            "line": 15,
            "column": 23
          },
          "end": {
            "line": 15,
            "column": 55
          }
        },
        "type": "cond-expr",
        "locations": [
          {
            "start": {
              "line": 15,
              "column": 37
            },
            "end": {
              "line": 15,
              "column": 50
            }
          },
          {
            "start": {
              "line": 15,
              "column": 53
            },
            "end": {
              "line": 15,
              "column": 55
            }
          }
        ],
        "line": 15
      },
      "1": {
        "loc": {
          "start": {
            "line": 18,
            "column": 23
          },
          "end": {
            "line": 18,
            "column": 60
          }
        },
        "type": "cond-expr",
        "locations": [
          {
            "start": {
              "line": 18,
              "column": 42
            },
            "end": {
              "line": 18,
              "column": 55
            }
          },
          {
            "start": {
              "line": 18,
              "column": 58
            },
            "end": {
              "line": 18,
              "column": 60
            }
          }
        ],
        "line": 18
      },
      "2": {
        "loc": {
          "start": {
            "line": 21,
            "column": 23
          },
          "end": {
            "line": 21,
            "column": 59
          }
        },
        "type": "cond-expr",
        "locations": [
          {
            "start": {
              "line": 21,
              "column": 41
            },
            "end": {
              "line": 21,
              "column": 54
            }
          },
          {
            "start": {
              "line": 21,
              "column": 57
            },
            "end": {
              "line": 21,
              "column": 59
            }
          }
        ],
        "line": 21
      }
    },
    "s": {
      "0": 20,
      "1": 20,
      "2": 14,
      "3": 14,
      "4": 20
    },
    "f": {
      "0": 20,
      "1": 14
    },
    "b": {
      "0": [
        14,
        6
      ],
      "1": [
        0,
        20
      ],
      "2": [
        6,
        14
      ]
    },
    "_coverageSchema": "1a1c01bbd47fc00a2c39e90264f33305004495a9",
    "hash": "280df91a2940395272e18080bab57275afcec218"
  },
  "C:\\Users\\Computer\\Desktop\\New folder (2)\\proj\\react\\src\\pages\\About.tsx": {
    "path": "C:\\Users\\Computer\\Desktop\\New folder (2)\\proj\\react\\src\\pages\\About.tsx",
    "statementMap": {
      "0": {
        "start": {
          "line": 5,
          "column": 2
        },
        "end": {
          "line": 19,
          "column": 4
        }
      }
    },
    "fnMap": {
      "0": {
        "name": "About",
        "decl": {
          "start": {
            "line": 4,
            "column": 16
          },
          "end": {
            "line": 4,
            "column": 21
          }
        },
        "loc": {
          "start": {
            "line": 4,
            "column": 24
          },
          "end": {
            "line": 20,
            "column": 1
          }
        },
        "line": 4
      }
    },
    "branchMap": {},
    "s": {
      "0": 0
    },
    "f": {
      "0": 0
    },
    "b": {},
    "_coverageSchema": "1a1c01bbd47fc00a2c39e90264f33305004495a9",
    "hash": "6c302bd51a37297afc2e29b42fd302a66c03746e"
  },
  "C:\\Users\\Computer\\Desktop\\New folder (2)\\proj\\react\\src\\redux\\formSlice.ts": {
    "path": "C:\\Users\\Computer\\Desktop\\New folder (2)\\proj\\react\\src\\redux\\formSlice.ts",
    "statementMap": {
      "0": {
        "start": {
          "line": 14,
          "column": 32
        },
        "end": {
          "line": 24,
          "column": 1
        }
      },
      "1": {
        "start": {
          "line": 26,
          "column": 27
        },
        "end": {
          "line": 67,
          "column": 2
        }
      },
      "2": {
        "start": {
          "line": 31,
          "column": 6
        },
        "end": {
          "line": 31,
          "column": 33
        }
      },
      "3": {
        "start": {
          "line": 34,
          "column": 6
        },
        "end": {
          "line": 34,
          "column": 36
        }
      },
      "4": {
        "start": {
          "line": 37,
          "column": 6
        },
        "end": {
          "line": 41,
          "column": 7
        }
      },
      "5": {
        "start": {
          "line": 38,
          "column": 8
        },
        "end": {
          "line": 38,
          "column": 77
        }
      },
      "6": {
        "start": {
          "line": 38,
          "column": 62
        },
        "end": {
          "line": 38,
          "column": 75
        }
      },
      "7": {
        "start": {
          "line": 40,
          "column": 8
        },
        "end": {
          "line": 40,
          "column": 41
        }
      },
      "8": {
        "start": {
          "line": 44,
          "column": 6
        },
        "end": {
          "line": 44,
          "column": 38
        }
      },
      "9": {
        "start": {
          "line": 47,
          "column": 6
        },
        "end": {
          "line": 47,
          "column": 33
        }
      },
      "10": {
        "start": {
          "line": 50,
          "column": 6
        },
        "end": {
          "line": 50,
          "column": 35
        }
      },
      "11": {
        "start": {
          "line": 53,
          "column": 6
        },
        "end": {
          "line": 53,
          "column": 33
        }
      },
      "12": {
        "start": {
          "line": 56,
          "column": 6
        },
        "end": {
          "line": 56,
          "column": 45
        }
      },
      "13": {
        "start": {
          "line": 59,
          "column": 6
        },
        "end": {
          "line": 64,
          "column": 29
        }
      },
      "14": {
        "start": {
          "line": 70,
          "column": 2
        },
        "end": {
          "line": 70,
          "column": 21
        }
      }
    },
    "fnMap": {
      "0": {
        "name": "(anonymous_0)",
        "decl": {
          "start": {
            "line": 30,
            "column": 10
          },
          "end": {
            "line": 30,
            "column": 11
          }
        },
        "loc": {
          "start": {
            "line": 30,
            "column": 28
          },
          "end": {
            "line": 32,
            "column": 5
          }
        },
        "line": 30
      },
      "1": {
        "name": "(anonymous_1)",
        "decl": {
          "start": {
            "line": 33,
            "column": 13
          },
          "end": {
            "line": 33,
            "column": 14
          }
        },
        "loc": {
          "start": {
            "line": 33,
            "column": 31
          },
          "end": {
            "line": 35,
            "column": 5
          }
        },
        "line": 33
      },
      "2": {
        "name": "(anonymous_2)",
        "decl": {
          "start": {
            "line": 36,
            "column": 18
          },
          "end": {
            "line": 36,
            "column": 19
          }
        },
        "loc": {
          "start": {
            "line": 36,
            "column": 42
          },
          "end": {
            "line": 42,
            "column": 5
          }
        },
        "line": 36
      },
      "3": {
        "name": "(anonymous_3)",
        "decl": {
          "start": {
            "line": 38,
            "column": 55
          },
          "end": {
            "line": 38,
            "column": 56
          }
        },
        "loc": {
          "start": {
            "line": 38,
            "column": 62
          },
          "end": {
            "line": 38,
            "column": 75
          }
        },
        "line": 38
      },
      "4": {
        "name": "(anonymous_4)",
        "decl": {
          "start": {
            "line": 43,
            "column": 15
          },
          "end": {
            "line": 43,
            "column": 16
          }
        },
        "loc": {
          "start": {
            "line": 43,
            "column": 33
          },
          "end": {
            "line": 45,
            "column": 5
          }
        },
        "line": 43
      },
      "5": {
        "name": "(anonymous_5)",
        "decl": {
          "start": {
            "line": 46,
            "column": 10
          },
          "end": {
            "line": 46,
            "column": 11
          }
        },
        "loc": {
          "start": {
            "line": 46,
            "column": 28
          },
          "end": {
            "line": 48,
            "column": 5
          }
        },
        "line": 46
      },
      "6": {
        "name": "(anonymous_6)",
        "decl": {
          "start": {
            "line": 49,
            "column": 12
          },
          "end": {
            "line": 49,
            "column": 13
          }
        },
        "loc": {
          "start": {
            "line": 49,
            "column": 30
          },
          "end": {
            "line": 51,
            "column": 5
          }
        },
        "line": 49
      },
      "7": {
        "name": "(anonymous_7)",
        "decl": {
          "start": {
            "line": 52,
            "column": 10
          },
          "end": {
            "line": 52,
            "column": 11
          }
        },
        "loc": {
          "start": {
            "line": 52,
            "column": 28
          },
          "end": {
            "line": 54,
            "column": 5
          }
        },
        "line": 52
      },
      "8": {
        "name": "(anonymous_8)",
        "decl": {
          "start": {
            "line": 55,
            "column": 18
          },
          "end": {
            "line": 55,
            "column": 19
          }
        },
        "loc": {
          "start": {
            "line": 55,
            "column": 36
          },
          "end": {
            "line": 57,
            "column": 5
          }
        },
        "line": 55
      },
      "9": {
        "name": "(anonymous_9)",
        "decl": {
          "start": {
            "line": 58,
            "column": 11
          },
          "end": {
            "line": 58,
            "column": 12
          }
        },
        "loc": {
          "start": {
            "line": 58,
            "column": 22
          },
          "end": {
            "line": 65,
            "column": 5
          }
        },
        "line": 58
      }
    },
    "branchMap": {
      "0": {
        "loc": {
          "start": {
            "line": 37,
            "column": 6
          },
          "end": {
            "line": 41,
            "column": 7
          }
        },
        "type": "if",
        "locations": [
          {
            "start": {
              "line": 37,
              "column": 6
            },
            "end": {
              "line": 41,
              "column": 7
            }
          },
          {
            "start": {
              "line": 39,
              "column": 13
            },
            "end": {
              "line": 41,
              "column": 7
            }
          }
        ],
        "line": 37
      }
    },
    "s": {
      "0": 5,
      "1": 5,
      "2": 12,
      "3": 18,
      "4": 2,
      "5": 0,
      "6": 0,
      "7": 2,
      "8": 2,
      "9": 2,
      "10": 2,
      "11": 0,
      "12": 2,
      "13": 2,
      "14": 5
    },
    "f": {
      "0": 12,
      "1": 18,
      "2": 2,
      "3": 0,
      "4": 2,
      "5": 2,
      "6": 2,
      "7": 0,
      "8": 2,
      "9": 2
    },
    "b": {
      "0": [
        0,
        2
      ]
    },
    "_coverageSchema": "1a1c01bbd47fc00a2c39e90264f33305004495a9",
    "hash": "1a1230f3d8a565ddf27cd8dc4c544acd19de1509"
  },
  "C:\\Users\\Computer\\Desktop\\New folder (2)\\proj\\react\\src\\redux\\store.ts": {
    "path": "C:\\Users\\Computer\\Desktop\\New folder (2)\\proj\\react\\src\\redux\\store.ts",
    "statementMap": {
      "0": {
        "start": {
          "line": 7,
          "column": 21
        },
        "end": {
          "line": 14,
          "column": 2
        }
      },
      "1": {
        "start": {
          "line": 13,
          "column": 40
        },
        "end": {
          "line": 13,
          "column": 94
        }
      },
      "2": {
        "start": {
          "line": 20,
          "column": 2
        },
        "end": {
          "line": 20,
          "column": 25
        }
      }
    },
    "fnMap": {
      "0": {
        "name": "(anonymous_0)",
        "decl": {
          "start": {
            "line": 13,
            "column": 14
          },
          "end": {
            "line": 13,
            "column": 15
          }
        },
        "loc": {
          "start": {
            "line": 13,
            "column": 40
          },
          "end": {
            "line": 13,
            "column": 94
          }
        },
        "line": 13
      },
      "1": {
        "name": "useTypedUseSelector",
        "decl": {
          "start": {
            "line": 19,
            "column": 16
          },
          "end": {
            "line": 19,
            "column": 35
          }
        },
        "loc": {
          "start": {
            "line": 19,
            "column": 73
          },
          "end": {
            "line": 21,
            "column": 1
          }
        },
        "line": 19
      }
    },
    "branchMap": {},
    "s": {
      "0": 5,
      "1": 5,
      "2": 552
    },
    "f": {
      "0": 5,
      "1": 552
    },
    "b": {},
    "_coverageSchema": "1a1c01bbd47fc00a2c39e90264f33305004495a9",
    "hash": "39b2c984072e47d45a6db98adc0182f5e82a2d6c"
  },
  "C:\\Users\\Computer\\Desktop\\New folder (2)\\proj\\react\\src\\components\\form\\FormPermission.tsx": {
    "path": "C:\\Users\\Computer\\Desktop\\New folder (2)\\proj\\react\\src\\components\\form\\FormPermission.tsx",
    "statementMap": {
      "0": {
        "start": {
          "line": 8,
          "column": 19
        },
        "end": {
          "line": 8,
          "column": 54
        }
      },
      "1": {
        "start": {
          "line": 8,
          "column": 49
        },
        "end": {
          "line": 8,
          "column": 53
        }
      },
      "2": {
        "start": {
          "line": 9,
          "column": 19
        },
        "end": {
          "line": 9,
          "column": 32
        }
      },
      "3": {
        "start": {
          "line": 14,
          "column": 6
        },
        "end": {
          "line": 14,
          "column": 16
        }
      },
      "4": {
        "start": {
          "line": 16,
          "column": 12
        },
        "end": {
          "line": 16,
          "column": 51
        }
      },
      "5": {
        "start": {
          "line": 18,
          "column": 19
        },
        "end": {
          "line": 24,
          "column": 3
        }
      },
      "6": {
        "start": {
          "line": 19,
          "column": 23
        },
        "end": {
          "line": 19,
          "column": 61
        }
      },
      "7": {
        "start": {
          "line": 19,
          "column": 39
        },
        "end": {
          "line": 19,
          "column": 60
        }
      },
      "8": {
        "start": {
          "line": 21,
          "column": 4
        },
        "end": {
          "line": 23,
          "column": 5
        }
      },
      "9": {
        "start": {
          "line": 22,
          "column": 6
        },
        "end": {
          "line": 22,
          "column": 42
        }
      },
      "10": {
        "start": {
          "line": 26,
          "column": 2
        },
        "end": {
          "line": 69,
          "column": 4
        }
      },
      "11": {
        "start": {
          "line": 37,
          "column": 12
        },
        "end": {
          "line": 37,
          "column": 46
        }
      },
      "12": {
        "start": {
          "line": 49,
          "column": 12
        },
        "end": {
          "line": 49,
          "column": 55
        }
      },
      "13": {
        "start": {
          "line": 61,
          "column": 12
        },
        "end": {
          "line": 61,
          "column": 44
        }
      }
    },
    "fnMap": {
      "0": {
        "name": "FormPermission",
        "decl": {
          "start": {
            "line": 7,
            "column": 16
          },
          "end": {
            "line": 7,
            "column": 30
          }
        },
        "loc": {
          "start": {
            "line": 7,
            "column": 50
          },
          "end": {
            "line": 70,
            "column": 1
          }
        },
        "line": 7
      },
      "1": {
        "name": "(anonymous_1)",
        "decl": {
          "start": {
            "line": 8,
            "column": 39
          },
          "end": {
            "line": 8,
            "column": 40
          }
        },
        "loc": {
          "start": {
            "line": 8,
            "column": 49
          },
          "end": {
            "line": 8,
            "column": 53
          }
        },
        "line": 8
      },
      "2": {
        "name": "(anonymous_2)",
        "decl": {
          "start": {
            "line": 18,
            "column": 19
          },
          "end": {
            "line": 18,
            "column": 20
          }
        },
        "loc": {
          "start": {
            "line": 18,
            "column": 25
          },
          "end": {
            "line": 24,
            "column": 3
          }
        },
        "line": 18
      },
      "3": {
        "name": "(anonymous_3)",
        "decl": {
          "start": {
            "line": 19,
            "column": 32
          },
          "end": {
            "line": 19,
            "column": 33
          }
        },
        "loc": {
          "start": {
            "line": 19,
            "column": 39
          },
          "end": {
            "line": 19,
            "column": 60
          }
        },
        "line": 19
      },
      "4": {
        "name": "(anonymous_4)",
        "decl": {
          "start": {
            "line": 36,
            "column": 20
          },
          "end": {
            "line": 36,
            "column": 21
          }
        },
        "loc": {
          "start": {
            "line": 36,
            "column": 26
          },
          "end": {
            "line": 38,
            "column": 11
          }
        },
        "line": 36
      },
      "5": {
        "name": "(anonymous_5)",
        "decl": {
          "start": {
            "line": 48,
            "column": 20
          },
          "end": {
            "line": 48,
            "column": 21
          }
        },
        "loc": {
          "start": {
            "line": 48,
            "column": 26
          },
          "end": {
            "line": 50,
            "column": 11
          }
        },
        "line": 48
      },
      "6": {
        "name": "(anonymous_6)",
        "decl": {
          "start": {
            "line": 60,
            "column": 20
          },
          "end": {
            "line": 60,
            "column": 21
          }
        },
        "loc": {
          "start": {
            "line": 60,
            "column": 26
          },
          "end": {
            "line": 62,
            "column": 11
          }
        },
        "line": 60
      }
    },
    "branchMap": {
      "0": {
        "loc": {
          "start": {
            "line": 21,
            "column": 4
          },
          "end": {
            "line": 23,
            "column": 5
          }
        },
        "type": "if",
        "locations": [
          {
            "start": {
              "line": 21,
              "column": 4
            },
            "end": {
              "line": 23,
              "column": 5
            }
          },
          {
            "start": {},
            "end": {}
          }
        ],
        "line": 21
      },
      "1": {
        "loc": {
          "start": {
            "line": 67,
            "column": 7
          },
          "end": {
            "line": 67,
            "column": 94
          }
        },
        "type": "binary-expr",
        "locations": [
          {
            "start": {
              "line": 67,
              "column": 7
            },
            "end": {
              "line": 67,
              "column": 21
            }
          },
          {
            "start": {
              "line": 67,
              "column": 25
            },
            "end": {
              "line": 67,
              "column": 94
            }
          }
        ],
        "line": 67
      }
    },
    "s": {
      "0": 92,
      "1": 137,
      "2": 92,
      "3": 92,
      "4": 92,
      "5": 92,
      "6": 2,
      "7": 6,
      "8": 2,
      "9": 0,
      "10": 92,
      "11": 2,
      "12": 0,
      "13": 0
    },
    "f": {
      "0": 92,
      "1": 137,
      "2": 2,
      "3": 6,
      "4": 2,
      "5": 0,
      "6": 0
    },
    "b": {
      "0": [
        0,
        2
      ],
      "1": [
        92,
        0
      ]
    },
    "_coverageSchema": "1a1c01bbd47fc00a2c39e90264f33305004495a9",
    "hash": "d740a24e443f17f50434783e375c8084e8dcf419"
  },
  "C:\\Users\\Computer\\Desktop\\New folder (2)\\proj\\react\\src\\components\\form\\FormCountries.tsx": {
    "path": "C:\\Users\\Computer\\Desktop\\New folder (2)\\proj\\react\\src\\components\\form\\FormCountries.tsx",
    "statementMap": {
      "0": {
        "start": {
          "line": 8,
          "column": 19
        },
        "end": {
          "line": 8,
          "column": 54
        }
      },
      "1": {
        "start": {
          "line": 8,
          "column": 49
        },
        "end": {
          "line": 8,
          "column": 53
        }
      },
      "2": {
        "start": {
          "line": 9,
          "column": 19
        },
        "end": {
          "line": 9,
          "column": 32
        }
      },
      "3": {
        "start": {
          "line": 14,
          "column": 6
        },
        "end": {
          "line": 14,
          "column": 16
        }
      },
      "4": {
        "start": {
          "line": 15,
          "column": 2
        },
        "end": {
          "line": 35,
          "column": 4
        }
      },
      "5": {
        "start": {
          "line": 23,
          "column": 25
        },
        "end": {
          "line": 23,
          "column": 60
        }
      }
    },
    "fnMap": {
      "0": {
        "name": "FormCountries",
        "decl": {
          "start": {
            "line": 7,
            "column": 16
          },
          "end": {
            "line": 7,
            "column": 29
          }
        },
        "loc": {
          "start": {
            "line": 7,
            "column": 49
          },
          "end": {
            "line": 36,
            "column": 1
          }
        },
        "line": 7
      },
      "1": {
        "name": "(anonymous_1)",
        "decl": {
          "start": {
            "line": 8,
            "column": 39
          },
          "end": {
            "line": 8,
            "column": 40
          }
        },
        "loc": {
          "start": {
            "line": 8,
            "column": 49
          },
          "end": {
            "line": 8,
            "column": 53
          }
        },
        "line": 8
      },
      "2": {
        "name": "(anonymous_2)",
        "decl": {
          "start": {
            "line": 23,
            "column": 18
          },
          "end": {
            "line": 23,
            "column": 19
          }
        },
        "loc": {
          "start": {
            "line": 23,
            "column": 25
          },
          "end": {
            "line": 23,
            "column": 60
          }
        },
        "line": 23
      }
    },
    "branchMap": {
      "0": {
        "loc": {
          "start": {
            "line": 33,
            "column": 7
          },
          "end": {
            "line": 33,
            "column": 91
          }
        },
        "type": "binary-expr",
        "locations": [
          {
            "start": {
              "line": 33,
              "column": 7
            },
            "end": {
              "line": 33,
              "column": 23
            }
          },
          {
            "start": {
              "line": 33,
              "column": 27
            },
            "end": {
              "line": 33,
              "column": 91
            }
          }
        ],
        "line": 33
      }
    },
    "s": {
      "0": 92,
      "1": 137,
      "2": 92,
      "3": 92,
      "4": 92,
      "5": 2
    },
    "f": {
      "0": 92,
      "1": 137,
      "2": 2
    },
    "b": {
      "0": [
        92,
        0
      ]
    },
    "_coverageSchema": "1a1c01bbd47fc00a2c39e90264f33305004495a9",
    "hash": "b788a3945685c3830938d5a406f688d48475e870"
  },
  "C:\\Users\\Computer\\Desktop\\New folder (2)\\proj\\react\\src\\components\\form\\FormDate.tsx": {
    "path": "C:\\Users\\Computer\\Desktop\\New folder (2)\\proj\\react\\src\\components\\form\\FormDate.tsx",
    "statementMap": {
      "0": {
        "start": {
          "line": 8,
          "column": 22
        },
        "end": {
          "line": 8,
          "column": 46
        }
      },
      "1": {
        "start": {
          "line": 9,
          "column": 2
        },
        "end": {
          "line": 11,
          "column": 3
        }
      },
      "2": {
        "start": {
          "line": 10,
          "column": 4
        },
        "end": {
          "line": 10,
          "column": 36
        }
      },
      "3": {
        "start": {
          "line": 12,
          "column": 2
        },
        "end": {
          "line": 12,
          "column": 14
        }
      },
      "4": {
        "start": {
          "line": 15,
          "column": 19
        },
        "end": {
          "line": 15,
          "column": 54
        }
      },
      "5": {
        "start": {
          "line": 15,
          "column": 49
        },
        "end": {
          "line": 15,
          "column": 53
        }
      },
      "6": {
        "start": {
          "line": 16,
          "column": 19
        },
        "end": {
          "line": 16,
          "column": 32
        }
      },
      "7": {
        "start": {
          "line": 20,
          "column": 6
        },
        "end": {
          "line": 20,
          "column": 16
        }
      },
      "8": {
        "start": {
          "line": 21,
          "column": 2
        },
        "end": {
          "line": 37,
          "column": 4
        }
      },
      "9": {
        "start": {
          "line": 32,
          "column": 10
        },
        "end": {
          "line": 32,
          "column": 41
        }
      }
    },
    "fnMap": {
      "0": {
        "name": "validate",
        "decl": {
          "start": {
            "line": 7,
            "column": 9
          },
          "end": {
            "line": 7,
            "column": 17
          }
        },
        "loc": {
          "start": {
            "line": 7,
            "column": 40
          },
          "end": {
            "line": 13,
            "column": 1
          }
        },
        "line": 7
      },
      "1": {
        "name": "FormDate",
        "decl": {
          "start": {
            "line": 14,
            "column": 24
          },
          "end": {
            "line": 14,
            "column": 32
          }
        },
        "loc": {
          "start": {
            "line": 14,
            "column": 52
          },
          "end": {
            "line": 38,
            "column": 1
          }
        },
        "line": 14
      },
      "2": {
        "name": "(anonymous_2)",
        "decl": {
          "start": {
            "line": 15,
            "column": 39
          },
          "end": {
            "line": 15,
            "column": 40
          }
        },
        "loc": {
          "start": {
            "line": 15,
            "column": 49
          },
          "end": {
            "line": 15,
            "column": 53
          }
        },
        "line": 15
      },
      "3": {
        "name": "(anonymous_3)",
        "decl": {
          "start": {
            "line": 31,
            "column": 18
          },
          "end": {
            "line": 31,
            "column": 19
          }
        },
        "loc": {
          "start": {
            "line": 31,
            "column": 25
          },
          "end": {
            "line": 33,
            "column": 9
          }
        },
        "line": 31
      }
    },
    "branchMap": {
      "0": {
        "loc": {
          "start": {
            "line": 9,
            "column": 2
          },
          "end": {
            "line": 11,
            "column": 3
          }
        },
        "type": "if",
        "locations": [
          {
            "start": {
              "line": 9,
              "column": 2
            },
            "end": {
              "line": 11,
              "column": 3
            }
          },
          {
            "start": {},
            "end": {}
          }
        ],
        "line": 9
      },
      "1": {
        "loc": {
          "start": {
            "line": 35,
            "column": 7
          },
          "end": {
            "line": 35,
            "column": 87
          }
        },
        "type": "binary-expr",
        "locations": [
          {
            "start": {
              "line": 35,
              "column": 7
            },
            "end": {
              "line": 35,
              "column": 18
            }
          },
          {
            "start": {
              "line": 35,
              "column": 22
            },
            "end": {
              "line": 35,
              "column": 87
            }
          }
        ],
        "line": 35
      }
    },
    "s": {
      "0": 2,
      "1": 2,
      "2": 0,
      "3": 2,
      "4": 92,
      "5": 137,
      "6": 92,
      "7": 92,
      "8": 92,
      "9": 2
    },
    "f": {
      "0": 2,
      "1": 92,
      "2": 137,
      "3": 2
    },
    "b": {
      "0": [
        0,
        2
      ],
      "1": [
        92,
        0
      ]
    },
    "_coverageSchema": "1a1c01bbd47fc00a2c39e90264f33305004495a9",
    "hash": "697a279d51808bf93b223dd6a4db3e44d5c37a38"
  },
  "C:\\Users\\Computer\\Desktop\\New folder (2)\\proj\\react\\src\\components\\form\\FormFile.tsx": {
    "path": "C:\\Users\\Computer\\Desktop\\New folder (2)\\proj\\react\\src\\components\\form\\FormFile.tsx",
    "statementMap": {
      "0": {
        "start": {
          "line": 11,
          "column": 6
        },
        "end": {
          "line": 11,
          "column": 16
        }
      },
      "1": {
        "start": {
          "line": 13,
          "column": 2
        },
        "end": {
          "line": 28,
          "column": 4
        }
      }
    },
    "fnMap": {
      "0": {
        "name": "FormFile",
        "decl": {
          "start": {
            "line": 7,
            "column": 16
          },
          "end": {
            "line": 7,
            "column": 24
          }
        },
        "loc": {
          "start": {
            "line": 7,
            "column": 44
          },
          "end": {
            "line": 29,
            "column": 1
          }
        },
        "line": 7
      }
    },
    "branchMap": {
      "0": {
        "loc": {
          "start": {
            "line": 26,
            "column": 7
          },
          "end": {
            "line": 26,
            "column": 81
          }
        },
        "type": "binary-expr",
        "locations": [
          {
            "start": {
              "line": 26,
              "column": 7
            },
            "end": {
              "line": 26,
              "column": 18
            }
          },
          {
            "start": {
              "line": 26,
              "column": 22
            },
            "end": {
              "line": 26,
              "column": 81
            }
          }
        ],
        "line": 26
      }
    },
    "s": {
      "0": 92,
      "1": 92
    },
    "f": {
      "0": 92
    },
    "b": {
      "0": [
        92,
        0
      ]
    },
    "_coverageSchema": "1a1c01bbd47fc00a2c39e90264f33305004495a9",
    "hash": "728faae915869575dc94c058a222b973e576a6bb"
  },
  "C:\\Users\\Computer\\Desktop\\New folder (2)\\proj\\react\\src\\components\\form\\FormPersonal.tsx": {
    "path": "C:\\Users\\Computer\\Desktop\\New folder (2)\\proj\\react\\src\\components\\form\\FormPersonal.tsx",
    "statementMap": {
      "0": {
        "start": {
          "line": 6,
          "column": 37
        },
        "end": {
          "line": 14,
          "column": 1
        }
      },
      "1": {
        "start": {
          "line": 7,
          "column": 2
        },
        "end": {
          "line": 9,
          "column": 3
        }
      },
      "2": {
        "start": {
          "line": 8,
          "column": 4
        },
        "end": {
          "line": 8,
          "column": 36
        }
      },
[...]
      },
      "1": {
        "name": "(anonymous_1)",
        "decl": {
          "start": {
            "line": 32,
            "column": 36
          },
          "end": {
            "line": 32,
            "column": 37
          }
        },
        "loc": {
          "start": {
            "line": 32,
            "column": 46
          },
          "end": {
            "line": 40,
            "column": 9
          }
        },
        "line": 32
      }
    },
    "branchMap": {
      "0": {
        "loc": {
          "start": {
            "line": 33,
            "column": 10
          },
          "end": {
            "line": 39,
            "column": 11
          }
        },
        "type": "if",
        "locations": [
          {
            "start": {
              "line": 33,
              "column": 10
            },
            "end": {
              "line": 39,
              "column": 11
            }
          },
          {
            "start": {},
            "end": {}
          }
        ],
        "line": 33
      }
    },
    "s": {
      "0": 8,
      "1": 24,
      "2": 8
    },
    "f": {
      "0": 8,
      "1": 24
    },
    "b": {
      "0": [
        8,
        16
      ]
    },
    "_coverageSchema": "1a1c01bbd47fc00a2c39e90264f33305004495a9",
    "hash": "c959e8bbb2e35c2620a490c89e80f7642fbc039c"
  },
  "C:\\Users\\Computer\\Desktop\\New folder (2)\\proj\\react\\src\\components\\form\\SwitcherGender.tsx": {
    "path": "C:\\Users\\Computer\\Desktop\\New folder (2)\\proj\\react\\src\\components\\form\\SwitcherGender.tsx",
    "statementMap": {
      "0": {
        "start": {
          "line": 7,
          "column": 19
        },
        "end": {
          "line": 7,
          "column": 54
        }
      },
      "1": {
        "start": {
          "line": 7,
          "column": 49
        },
        "end": {
          "line": 7,
          "column": 53
        }
      },
      "2": {
        "start": {
          "line": 8,
          "column": 19
        },
        "end": {
          "line": 8,
          "column": 32
        }
      },
      "3": {
        "start": {
          "line": 12,
          "column": 6
        },
        "end": {
          "line": 12,
          "column": 16
        }
      },
      "4": {
        "start": {
          "line": 14,
          "column": 2
        },
        "end": {
          "line": 40,
          "column": 4
        }
      },
      "5": {
        "start": {
          "line": 25,
          "column": 26
        },
        "end": {
          "line": 25,
          "column": 50
        }
      },
      "6": {
        "start": {
          "line": 33,
          "column": 26
        },
        "end": {
          "line": 33,
          "column": 52
        }
      }
    },
    "fnMap": {
      "0": {
        "name": "SwitcherGender",
        "decl": {
          "start": {
            "line": 6,
            "column": 16
          },
          "end": {
            "line": 6,
            "column": 30
          }
        },
        "loc": {
          "start": {
            "line": 6,
            "column": 50
          },
          "end": {
            "line": 41,
            "column": 1
          }
        },
        "line": 6
      },
      "1": {
        "name": "(anonymous_1)",
        "decl": {
          "start": {
            "line": 7,
            "column": 39
          },
          "end": {
            "line": 7,
            "column": 40
          }
        },
        "loc": {
          "start": {
            "line": 7,
            "column": 49
          },
          "end": {
            "line": 7,
            "column": 53
          }
        },
        "line": 7
      },
      "2": {
        "name": "(anonymous_2)",
        "decl": {
          "start": {
            "line": 25,
            "column": 20
          },
          "end": {
            "line": 25,
            "column": 21
          }
        },
        "loc": {
          "start": {
            "line": 25,
            "column": 26
          },
          "end": {
            "line": 25,
            "column": 50
          }
        },
        "line": 25
      },
      "3": {
        "name": "(anonymous_3)",
        "decl": {
          "start": {
            "line": 33,
            "column": 20
          },
          "end": {
            "line": 33,
            "column": 21
          }
        },
        "loc": {
          "start": {
            "line": 33,
            "column": 26
          },
          "end": {
            "line": 33,
            "column": 52
          }
        },
        "line": 33
      }
    },
    "branchMap": {
      "0": {
        "loc": {
          "start": {
            "line": 38,
            "column": 7
          },
          "end": {
            "line": 38,
            "column": 85
          }
        },
        "type": "binary-expr",
        "locations": [
          {
            "start": {
              "line": 38,
              "column": 7
            },
            "end": {
              "line": 38,
              "column": 20
            }
          },
          {
            "start": {
              "line": 38,
              "column": 24
            },
            "end": {
              "line": 38,
              "column": 85
            }
          }
        ],
        "line": 38
      }
    },
    "s": {
      "0": 92,
      "1": 137,
      "2": 92,
      "3": 92,
      "4": 92,
      "5": 2,
      "6": 0
    },
    "f": {
      "0": 92,
      "1": 137,
      "2": 2,
      "3": 0
    },
    "b": {
      "0": [
        92,
        0
      ]
    },
    "_coverageSchema": "1a1c01bbd47fc00a2c39e90264f33305004495a9",
    "hash": "2e939f6694f65365d06229f2e956f9cf83062c9c"
  },
  "C:\\Users\\Computer\\Desktop\\New folder (2)\\proj\\react\\src\\components\\form\\FormCardAdded.tsx": {
    "path": "C:\\Users\\Computer\\Desktop\\New folder (2)\\proj\\react\\src\\components\\form\\FormCardAdded.tsx",
    "statementMap": {
      "0": {
        "start": {
          "line": 4,
          "column": 2
        },
        "end": {
          "line": 10,
          "column": 4
        }
      }
    },
    "fnMap": {
      "0": {
        "name": "FormCardAdded",
        "decl": {
          "start": {
            "line": 3,
            "column": 24
          },
          "end": {
            "line": 3,
            "column": 37
          }
        },
        "loc": {
          "start": {
            "line": 3,
            "column": 40
          },
          "end": {
            "line": 11,
            "column": 1
          }
        },
        "line": 3
      }
    },
    "branchMap": {},
    "s": {
      "0": 4
    },
    "f": {
      "0": 4
    },
    "b": {},
    "_coverageSchema": "1a1c01bbd47fc00a2c39e90264f33305004495a9",
    "hash": "4c65f805e53958cf8e0a690ef08ac69be81bd163"
  },
  "C:\\Users\\Computer\\Desktop\\New folder (2)\\proj\\react\\src\\components\\form\\Form.tsx": {
    "path": "C:\\Users\\Computer\\Desktop\\New folder (2)\\proj\\react\\src\\components\\form\\Form.tsx",
    "statementMap": {
      "0": {
        "start": {
          "line": 17,
          "column": 54
        },
        "end": {
          "line": 17,
          "column": 58
        }
      },
      "1": {
        "start": {
          "line": 19,
          "column": 15
        },
        "end": {
          "line": 19,
          "column": 32
        }
      },
      "2": {
        "start": {
          "line": 20,
          "column": 28
        },
        "end": {
          "line": 20,
          "column": 68
        }
      },
      "3": {
        "start": {
          "line": 21,
          "column": 34
        },
        "end": {
          "line": 21,
          "column": 38
        }
      },
      "4": {
        "start": {
          "line": 22,
          "column": 29
        },
        "end": {
          "line": 22,
          "column": 64
        }
      },
      "5": {
        "start": {
          "line": 22,
          "column": 59
        },
        "end": {
          "line": 22,
          "column": 63
        }
      },
      "6": {
        "start": {
          "line": 24,
          "column": 19
        },
        "end": {
          "line": 24,
          "column": 32
        }
      },
      "7": {
        "start": {
          "line": 26,
          "column": 2
        },
        "end": {
          "line": 35,
          "column": 14
        }
      },
      "8": {
        "start": {
          "line": 28,
          "column": 6
        },
        "end": {
          "line": 32,
          "column": 7
        }
      },
      "9": {
        "start": {
          "line": 29,
          "column": 8
        },
        "end": {
          "line": 31,
          "column": 16
        }
      },
      "10": {
        "start": {
          "line": 30,
          "column": 10
        },
        "end": {
          "line": 30,
          "column": 26
        }
      },
      "11": {
        "start": {
          "line": 34,
          "column": 4
        },
        "end": {
          "line": 34,
          "column": 25
        }
      },
      "12": {
        "start": {
          "line": 37,
          "column": 42
        },
        "end": {
          "line": 54,
          "column": 3
        }
      },
      "13": {
        "start": {
          "line": 38,
          "column": 17
        },
        "end": {
          "line": 38,
          "column": 41
        }
      },
      "14": {
        "start": {
          "line": 39,
          "column": 16
        },
        "end": {
          "line": 39,
          "column": 41
        }
      },
      "15": {
        "start": {
          "line": 41,
          "column": 25
        },
        "end": {
          "line": 49,
          "column": 5
        }
      },
      "16": {
        "start": {
          "line": 50,
          "column": 4
        },
        "end": {
          "line": 50,
          "column": 19
        }
      },
      "17": {
        "start": {
          "line": 51,
          "column": 4
        },
        "end": {
          "line": 51,
          "column": 12
        }
      },
      "18": {
        "start": {
          "line": 52,
          "column": 4
        },
        "end": {
          "line": 52,
          "column": 30
        }
      },
      "19": {
        "start": {
          "line": 53,
          "column": 4
        },
        "end": {
          "line": 53,
          "column": 26
        }
      },
      "20": {
        "start": {
          "line": 55,
          "column": 2
        },
        "end": {
          "line": 75,
          "column": 4
        }
      },
      "21": {
        "start": {
          "line": 71,
          "column": 10
        },
        "end": {
          "line": 71,
          "column": 43
        }
      }
    },
    "fnMap": {
      "0": {
        "name": "Form",
        "decl": {
          "start": {
            "line": 16,
            "column": 16
          },
          "end": {
            "line": 16,
            "column": 20
          }
        },
        "loc": {
          "start": {
            "line": 16,
            "column": 23
          },
          "end": {
            "line": 76,
            "column": 1
          }
        },
        "line": 16
      },
      "1": {
        "name": "(anonymous_1)",
        "decl": {
          "start": {
            "line": 22,
            "column": 49
          },
          "end": {
            "line": 22,
            "column": 50
          }
        },
        "loc": {
          "start": {
            "line": 22,
            "column": 59
          },
          "end": {
            "line": 22,
            "column": 63
          }
        },
        "line": 22
      },
      "2": {
        "name": "(anonymous_2)",
        "decl": {
          "start": {
            "line": 26,
            "column": 12
          },
          "end": {
            "line": 26,
            "column": 13
          }
        },
        "loc": {
          "start": {
            "line": 26,
            "column": 18
          },
          "end": {
            "line": 35,
            "column": 3
          }
        },
        "line": 26
      },
      "3": {
        "name": "componentDidUpdate",
        "decl": {
          "start": {
            "line": 27,
            "column": 13
          },
          "end": {
            "line": 27,
            "column": 31
          }
        },
        "loc": {
          "start": {
            "line": 27,
            "column": 40
          },
          "end": {
            "line": 33,
            "column": 5
          }
        },
        "line": 27
      },
      "4": {
        "name": "(anonymous_4)",
        "decl": {
          "start": {
            "line": 29,
            "column": 19
          },
          "end": {
            "line": 29,
            "column": 20
          }
        },
        "loc": {
          "start": {
            "line": 29,
            "column": 25
          },
          "end": {
            "line": 31,
            "column": 9
          }
        },
        "line": 29
      },
      "5": {
        "name": "(anonymous_5)",
        "decl": {
          "start": {
            "line": 37,
            "column": 42
          },
          "end": {
            "line": 37,
            "column": 43
          }
        },
        "loc": {
          "start": {
            "line": 37,
            "column": 52
          },
          "end": {
            "line": 54,
            "column": 3
          }
        },
        "line": 37
      },
      "6": {
        "name": "(anonymous_6)",
        "decl": {
          "start": {
            "line": 70,
            "column": 35
          },
          "end": {
            "line": 70,
            "column": 36
          }
        },
        "loc": {
          "start": {
            "line": 71,
            "column": 10
          },
          "end": {
            "line": 71,
            "column": 43
          }
        },
        "line": 71
      }
    },
    "branchMap": {
      "0": {
        "loc": {
          "start": {
            "line": 28,
            "column": 6
          },
          "end": {
            "line": 32,
            "column": 7
          }
        },
        "type": "if",
        "locations": [
          {
            "start": {
              "line": 28,
              "column": 6
            },
            "end": {
              "line": 32,
              "column": 7
            }
          },
          {
            "start": {},
            "end": {}
          }
        ],
        "line": 28
      },
      "1": {
        "loc": {
          "start": {
            "line": 68,
            "column": 7
          },
          "end": {
            "line": 68,
            "column": 33
          }
        },
        "type": "binary-expr",
        "locations": [
          {
            "start": {
              "line": 68,
              "column": 7
            },
            "end": {
              "line": 68,
              "column": 12
            }
          },
          {
            "start": {
              "line": 68,
              "column": 16
            },
            "end": {
              "line": 68,
              "column": 33
            }
          }
        ],
        "line": 68
      }
    },
    "s": {
      "0": 92,
      "1": 92,
      "2": 92,
      "3": 92,
      "4": 92,
      "5": 137,
      "6": 92,
      "7": 92,
      "8": 8,
      "9": 2,
      "10": 0,
      "11": 8,
      "12": 92,
      "13": 2,
      "14": 2,
      "15": 2,
      "16": 2,
      "17": 2,
      "18": 2,
      "19": 2,
      "20": 92,
      "21": 8
    },
    "f": {
      "0": 92,
      "1": 137,
      "2": 8,
      "3": 8,
      "4": 0,
      "5": 2,
      "6": 8
    },
    "b": {
      "0": [
        2,
        6
      ],
      "1": [
        92,
        4
      ]
    },
    "_coverageSchema": "1a1c01bbd47fc00a2c39e90264f33305004495a9",
    "hash": "d2b1461bcb351842bb95845c11b5e0b0dadcf05f"
  },
  "C:\\Users\\Computer\\Desktop\\New folder (2)\\proj\\react\\src\\pages\\Form.tsx": {
    "path": "C:\\Users\\Computer\\Desktop\\New folder (2)\\proj\\react\\src\\pages\\Form.tsx",
    "statementMap": {
      "0": {
        "start": {
          "line": 6,
          "column": 2
        },
        "end": {
          "line": 11,
          "column": 4
        }
      }
    },
    "fnMap": {
      "0": {
        "name": "FormPage",
        "decl": {
          "start": {
            "line": 5,
            "column": 16
          },
          "end": {
            "line": 5,
            "column": 24
          }
        },
        "loc": {
          "start": {
            "line": 5,
            "column": 27
          },
          "end": {
            "line": 12,
            "column": 1
          }
        },
        "line": 5
      }
    },
    "branchMap": {},
    "s": {
      "0": 6
    },
    "f": {
      "0": 6
    },
    "b": {},
    "_coverageSchema": "1a1c01bbd47fc00a2c39e90264f33305004495a9",
    "hash": "eeb1342761517760b19387666d8858384238b2ee"
  },
  "C:\\Users\\Computer\\Desktop\\New folder (2)\\proj\\react\\src\\App.tsx": {
    "path": "C:\\Users\\Computer\\Desktop\\New folder (2)\\proj\\react\\src\\App.tsx",
    "statementMap": {
      "0": {
        "start": {
          "line": 10,
          "column": 2
        },
        "end": {
          "line": 15,
          "column": 4
        }
      },
      "1": {
        "start": {
          "line": 19,
          "column": 2
        },
        "end": {
          "line": 26,
          "column": 4
        }
      },
      "2": {
        "start": {
          "line": 29,
          "column": 2
        },
        "end": {
          "line": 33,
          "column": 4
        }
      }
    },
    "fnMap": {
      "0": {
        "name": "App",
        "decl": {
          "start": {
            "line": 9,
            "column": 16
          },
          "end": {
            "line": 9,
            "column": 19
          }
        },
        "loc": {
          "start": {
            "line": 9,
            "column": 22
          },
          "end": {
            "line": 16,
            "column": 1
          }
        },
        "line": 9
      },
      "1": {
        "name": "AppRouting",
        "decl": {
          "start": {
            "line": 18,
            "column": 16
          },
          "end": {
            "line": 18,
            "column": 26
          }
        },
        "loc": {
          "start": {
            "line": 18,
            "column": 29
          },
          "end": {
            "line": 27,
            "column": 1
          }
        },
        "line": 18
      },
      "2": {
        "name": "RoutedApp",
        "decl": {
          "start": {
            "line": 28,
            "column": 16
          },
          "end": {
            "line": 28,
            "column": 25
          }
        },
        "loc": {
          "start": {
            "line": 28,
            "column": 28
          },
          "end": {
            "line": 34,
            "column": 1
          }
        },
        "line": 28
      }
    },
    "branchMap": {},
    "s": {
      "0": 8,
      "1": 10,
      "2": 10
    },
    "f": {
      "0": 8,
      "1": 10,
      "2": 10
    },
    "b": {},
    "_coverageSchema": "1a1c01bbd47fc00a2c39e90264f33305004495a9",
    "hash": "cb37710014633db3fd741bbf9d948c3b1908f063"
  },
  "C:\\Users\\Computer\\Desktop\\New folder (2)\\proj\\react\\src\\entry-client.tsx": {
    "path": "C:\\Users\\Computer\\Desktop\\New folder (2)\\proj\\react\\src\\entry-client.tsx",
    "statementMap": {
      "0": {
        "start": {
          "line": 8,
          "column": 0
        },
        "end": {
          "line": 15,
          "column": 2
        }
      }
    },
    "fnMap": {},
    "branchMap": {},
    "s": {
      "0": 5
    },
    "f": {},
    "b": {},
    "_coverageSchema": "1a1c01bbd47fc00a2c39e90264f33305004495a9",
    "hash": "a2df41c1e6dd078e90e6bb76ac3723cb86a0efad"
  }
}